Release 14.7 - xst P.20131013 (lin64)
Copyright (c) 1995-2013 Xilinx, Inc.  All rights reserved.
--> 
Parameter TMPDIR set to xst/projnav.tmp


Total REAL time to Xst completion: 0.00 secs
Total CPU time to Xst completion: 0.08 secs
 
--> 
Parameter xsthdpdir set to xst


Total REAL time to Xst completion: 0.00 secs
Total CPU time to Xst completion: 0.08 secs
 
--> 
Reading design: Logical_Components.prj

TABLE OF CONTENTS
  1) Synthesis Options Summary
  2) HDL Compilation
  3) Design Hierarchy Analysis
  4) HDL Analysis
  5) HDL Synthesis
     5.1) HDL Synthesis Report
  6) Advanced HDL Synthesis
     6.1) Advanced HDL Synthesis Report
  7) Low Level Synthesis
  8) Partition Report
  9) Final Report
	9.1) Device utilization summary
	9.2) Partition Resource Summary
	9.3) TIMING REPORT


=========================================================================
*                      Synthesis Options Summary                        *
=========================================================================
---- Source Parameters
Input File Name                    : "Logical_Components.prj"
Input Format                       : mixed
Ignore Synthesis Constraint File   : NO

---- Target Parameters
Output File Name                   : "Logical_Components"
Output Format                      : NGC
Target Device                      : xc3s500e-5-fg320

---- Source Options
Top Module Name                    : Logical_Components
Automatic FSM Extraction           : YES
FSM Encoding Algorithm             : Auto
Safe Implementation                : No
FSM Style                          : LUT
RAM Extraction                     : Yes
RAM Style                          : Auto
ROM Extraction                     : Yes
Mux Style                          : Auto
Decoder Extraction                 : YES
Priority Encoder Extraction        : Yes
Shift Register Extraction          : YES
Logical Shifter Extraction         : YES
XOR Collapsing                     : YES
ROM Style                          : Auto
Mux Extraction                     : Yes
Resource Sharing                   : YES
Asynchronous To Synchronous        : NO
Multiplier Style                   : Auto
Automatic Register Balancing       : No

---- Target Options
Add IO Buffers                     : YES
Global Maximum Fanout              : 100000
Add Generic Clock Buffer(BUFG)     : 24
Register Duplication               : YES
Slice Packing                      : YES
Optimize Instantiated Primitives   : NO
Use Clock Enable                   : Yes
Use Synchronous Set                : Yes
Use Synchronous Reset              : Yes
Pack IO Registers into IOBs        : Auto
Equivalent register Removal        : YES

---- General Options
Optimization Goal                  : Speed
Optimization Effort                : 1
Keep Hierarchy                     : No
Netlist Hierarchy                  : As_Optimized
RTL Output                         : Yes
Global Optimization                : AllClockNets
Read Cores                         : YES
Write Timing Constraints           : NO
Cross Clock Analysis               : NO
Hierarchy Separator                : /
Bus Delimiter                      : <>
Case Specifier                     : Maintain
Slice Utilization Ratio            : 100
BRAM Utilization Ratio             : 100
Verilog 2001                       : YES
Auto BRAM Packing                  : NO
Slice Utilization Ratio Delta      : 5

=========================================================================


=========================================================================
*                          HDL Compilation                              *
=========================================================================
Compiling vhdl file "/home/ubuntu/Components/controller.vhd" in Library work.
Architecture behavioral of Entity controller is up to date.
Compiling vhdl file "/home/ubuntu/Components/Logical_Components.vhd" in Library work.
Entity <logical_components> compiled.
Entity <logical_components> (Architecture <behavioral>) compiled.

=========================================================================
*                     Design Hierarchy Analysis                         *
=========================================================================
Analyzing hierarchy for entity <Logical_Components> in library <work> (architecture <behavioral>).

Analyzing hierarchy for entity <controller> in library <work> (architecture <behavioral>).


=========================================================================
*                            HDL Analysis                               *
=========================================================================
Analyzing Entity <Logical_Components> in library <work> (Architecture <behavioral>).
Entity <Logical_Components> analyzed. Unit <Logical_Components> generated.

Analyzing Entity <controller> in library <work> (Architecture <behavioral>).
INFO:Xst:2679 - Register <sendsms> in unit <controller> has a constant value of 1 during circuit operation. The register is replaced by logic.
INFO:Xst:2679 - Register <bell> in unit <controller> has a constant value of 1 during circuit operation. The register is replaced by logic.
Entity <controller> analyzed. Unit <controller> generated.


=========================================================================
*                           HDL Synthesis                               *
=========================================================================

Performing bidirectional port resolution...

Synthesizing Unit <controller>.
    Related source file is "/home/ubuntu/Components/controller.vhd".
WARNING:Xst:1305 - Output <lights> is never assigned. Tied to value 0.
    Found 1-bit register for signal <startdelay>.
    Found 8-bit register for signal <leds>.
    Found 1-bit register for signal <startedDelay>.
    Found 3-bit register for signal <state>.
    Summary:
	inferred  13 D-type flip-flop(s).
Unit <controller> synthesized.


Synthesizing Unit <Logical_Components>.
    Related source file is "/home/ubuntu/Components/Logical_Components.vhd".
WARNING:Xst:647 - Input <Da> is never used. This port will be preserved and left unconnected if it belongs to a top-level block or it belongs to a sub-block and the hierarchy of this sub-block is preserved.
WARNING:Xst:647 - Input <switches<5:4>> is never used. This port will be preserved and left unconnected if it belongs to a top-level block or it belongs to a sub-block and the hierarchy of this sub-block is preserved.
WARNING:Xst:647 - Input <doors> is never used. This port will be preserved and left unconnected if it belongs to a top-level block or it belongs to a sub-block and the hierarchy of this sub-block is preserved.
WARNING:Xst:647 - Input <A> is never used. This port will be preserved and left unconnected if it belongs to a top-level block or it belongs to a sub-block and the hierarchy of this sub-block is preserved.
WARNING:Xst:647 - Input <B> is never used. This port will be preserved and left unconnected if it belongs to a top-level block or it belongs to a sub-block and the hierarchy of this sub-block is preserved.
WARNING:Xst:647 - Input <C> is never used. This port will be preserved and left unconnected if it belongs to a top-level block or it belongs to a sub-block and the hierarchy of this sub-block is preserved.
WARNING:Xst:647 - Input <enddelay> is never used. This port will be preserved and left unconnected if it belongs to a top-level block or it belongs to a sub-block and the hierarchy of this sub-block is preserved.
WARNING:Xst:1306 - Output <Qa> is never assigned.
WARNING:Xst:1306 - Output <Qan> is never assigned.
WARNING:Xst:647 - Input <frontdoor> is never used. This port will be preserved and left unconnected if it belongs to a top-level block or it belongs to a sub-block and the hierarchy of this sub-block is preserved.
WARNING:Xst:647 - Input <test> is never used. This port will be preserved and left unconnected if it belongs to a top-level block or it belongs to a sub-block and the hierarchy of this sub-block is preserved.
WARNING:Xst:647 - Input <windows> is never used. This port will be preserved and left unconnected if it belongs to a top-level block or it belongs to a sub-block and the hierarchy of this sub-block is preserved.
WARNING:Xst:647 - Input <arm> is never used. This port will be preserved and left unconnected if it belongs to a top-level block or it belongs to a sub-block and the hierarchy of this sub-block is preserved.
Unit <Logical_Components> synthesized.


=========================================================================
HDL Synthesis Report

Macro Statistics
# Registers                                            : 6
 1-bit register                                        : 5
 8-bit register                                        : 1

=========================================================================

=========================================================================
*                       Advanced HDL Synthesis                          *
=========================================================================


=========================================================================
Advanced HDL Synthesis Report

Macro Statistics
# Registers                                            : 13
 Flip-Flops                                            : 13

=========================================================================

=========================================================================
*                         Low Level Synthesis                           *
=========================================================================

Optimizing unit <Logical_Components> ...

Optimizing unit <controller> ...

Mapping all equations...
Building and optimizing final netlist ...
Found area constraint ratio of 100 (+ 5) on block Logical_Components, actual ratio is 0.
FlipFlop Inst_controller/state_2 has been replicated 1 time(s)

Final Macro Processing ...

=========================================================================
Final Register Report

Macro Statistics
# Registers                                            : 14
 Flip-Flops                                            : 14

=========================================================================

=========================================================================
*                           Partition Report                            *
=========================================================================

Partition Implementation Status
-------------------------------

  No Partitions were found in this design.

-------------------------------

=========================================================================
*                            Final Report                               *
=========================================================================
Final Results
RTL Top Level Output File Name     : Logical_Components.ngr
Top Level Output File Name         : Logical_Components
Output Format                      : NGC
Optimization Goal                  : Speed
Keep Hierarchy                     : No

Design Statistics
# IOs                              : 33

Cell Usage :
# BELS                             : 56
#      GND                         : 1
#      LUT2                        : 4
#      LUT2_L                      : 2
#      LUT3                        : 8
#      LUT3_D                      : 2
#      LUT3_L                      : 5
#      LUT4                        : 26
#      LUT4_D                      : 1
#      LUT4_L                      : 4
#      MUXF5                       : 2
#      VCC                         : 1
# FlipFlops/Latches                : 14
#      FD                          : 8
#      FDS                         : 6
# Clock Buffers                    : 1
#      BUFGP                       : 1
# IO Buffers                       : 18
#      IBUF                        : 6
#      OBUF                        : 12
=========================================================================

Device utilization summary:
---------------------------

Selected Device : 3s500efg320-5 

 Number of Slices:                       27  out of   4656     0%  
 Number of Slice Flip Flops:             14  out of   9312     0%  
 Number of 4 input LUTs:                 52  out of   9312     0%  
 Number of IOs:                          33
 Number of bonded IOBs:                  19  out of    232     8%  
 Number of GCLKs:                         1  out of     24     4%  

---------------------------
Partition Resource Summary:
---------------------------

  No Partitions were found in this design.

---------------------------


=========================================================================
TIMING REPORT

NOTE: THESE TIMING NUMBERS ARE ONLY A SYNTHESIS ESTIMATE.
      FOR ACCURATE TIMING INFORMATION PLEASE REFER TO THE TRACE REPORT
      GENERATED AFTER PLACE-and-ROUTE.

Clock Information:
------------------
-----------------------------------+------------------------+-------+
Clock Signal                       | Clock buffer(FF name)  | Load  |
-----------------------------------+------------------------+-------+
CLK                                | BUFGP                  | 14    |
-----------------------------------+------------------------+-------+

Asynchronous Control Signals Information:
----------------------------------------
No asynchronous control signals found in this design

Timing Summary:
---------------
Speed Grade: -5

   Minimum period: 4.608ns (Maximum Frequency: 217.004MHz)
   Minimum input arrival time before clock: 6.904ns
   Maximum output required time after clock: 4.134ns
   Maximum combinational path delay: No path found

Timing Detail:
--------------
All values displayed in nanoseconds (ns)

=========================================================================
Timing constraint: Default period analysis for Clock 'CLK'
  Clock period: 4.608ns (frequency: 217.004MHz)
  Total number of paths / destination ports: 153 / 20
-------------------------------------------------------------------------
Delay:               4.608ns (Levels of Logic = 3)
  Source:            Inst_controller/state_1 (FF)
  Destination:       Inst_controller/leds_7 (FF)
  Source Clock:      CLK rising
  Destination Clock: CLK rising

  Data Path: Inst_controller/state_1 to Inst_controller/leds_7
                                Gate     Net
    Cell:in->out      fanout   Delay   Delay  Logical Name (Net Name)
    ----------------------------------------  ------------
     FDS:C->Q             26   0.514   1.101  Inst_controller/state_1 (Inst_controller/state_1)
     LUT3:I2->O            1   0.612   0.387  Inst_controller/leds_mux0000<7>111_SW0 (N36)
     LUT3_D:I2->O          4   0.612   0.502  Inst_controller/leds_mux0000<7>111 (Inst_controller/N14)
     LUT4:I3->O            1   0.612   0.000  Inst_controller/leds_mux0000<4>1 (Inst_controller/leds_mux0000<4>)
     FD:D                      0.268          Inst_controller/leds_3
    ----------------------------------------
    Total                      4.608ns (2.618ns logic, 1.990ns route)
                                       (56.8% logic, 43.2% route)

=========================================================================
Timing constraint: Default OFFSET IN BEFORE for Clock 'CLK'
  Total number of paths / destination ports: 119 / 18
-------------------------------------------------------------------------
Offset:              6.904ns (Levels of Logic = 6)
  Source:            switches<6> (PAD)
  Destination:       Inst_controller/leds_7 (FF)
  Destination Clock: CLK rising

  Data Path: switches<6> to Inst_controller/leds_7
                                Gate     Net
    Cell:in->out      fanout   Delay   Delay  Logical Name (Net Name)
    ----------------------------------------  ------------
     IBUF:I->O             3   1.106   0.603  switches_6_IBUF (switches_6_IBUF)
     LUT3:I0->O            2   0.612   0.410  Inst_controller/leds_or00001 (Inst_controller/leds_or0000)
     LUT3:I2->O            4   0.612   0.568  Inst_controller/leds_and00001 (Inst_controller/leds_and0000)
     LUT3:I1->O            1   0.612   0.387  Inst_controller/leds_mux0000<7>111_SW0 (N36)
     LUT3_D:I2->O          4   0.612   0.502  Inst_controller/leds_mux0000<7>111 (Inst_controller/N14)
     LUT4:I3->O            1   0.612   0.000  Inst_controller/leds_mux0000<4>1 (Inst_controller/leds_mux0000<4>)
     FD:D                      0.268          Inst_controller/leds_3
    ----------------------------------------
    Total                      6.904ns (4.434ns logic, 2.470ns route)
                                       (64.2% logic, 35.8% route)

=========================================================================
Timing constraint: Default OFFSET OUT AFTER for Clock 'CLK'
  Total number of paths / destination ports: 9 / 9
-------------------------------------------------------------------------
Offset:              4.134ns (Levels of Logic = 1)
  Source:            Inst_controller/startdelay (FF)
  Destination:       startdelay (PAD)
  Source Clock:      CLK rising

  Data Path: Inst_controller/startdelay to startdelay
                                Gate     Net
    Cell:in->out      fanout   Delay   Delay  Logical Name (Net Name)
    ----------------------------------------  ------------
     FDS:C->Q              3   0.514   0.451  Inst_controller/startdelay (Inst_controller/startdelay)
     OBUF:I->O                 3.169          startdelay_OBUF (startdelay)
    ----------------------------------------
    Total                      4.134ns (3.683ns logic, 0.451ns route)
                                       (89.1% logic, 10.9% route)

=========================================================================


Total REAL time to Xst completion: 9.00 secs
Total CPU time to Xst completion: 8.85 secs
 
--> 


Total memory usage is 528468 kilobytes

Number of errors   :    0 (   0 filtered)
Number of warnings :   14 (   0 filtered)
Number of infos    :    2 (   0 filtered)

